--- Startup times for process: Primary/TUI ---

times in msec
 clock   self+sourced   self:  sourced script
 clock   elapsed:              other lines

000.001  000.001: --- NVIM STARTING ---
000.102  000.101: event init
000.176  000.074: early init
000.200  000.024: locale set
000.223  000.023: init first window
000.411  000.188: inits 1
000.415  000.004: window checked
000.417  000.002: parsing arguments
000.782  000.033  000.033: require('vim.shared')
000.830  000.024  000.024: require('vim.inspect')
000.860  000.023  000.023: require('vim._options')
000.861  000.078  000.031: require('vim._editor')
000.862  000.134  000.023: require('vim._init_packages')
000.864  000.313: init lua interpreter
001.367  000.503: --- NVIM STARTED ---

--- Startup times for process: Embedded ---

times in msec
 clock   self+sourced   self:  sourced script
 clock   elapsed:              other lines

000.002  000.002: --- NVIM STARTING ---
000.129  000.128: event init
000.203  000.074: early init
000.239  000.036: locale set
000.268  000.029: init first window
000.479  000.211: inits 1
000.490  000.011: window checked
000.493  000.002: parsing arguments
000.978  000.034  000.034: require('vim.shared')
001.052  000.036  000.036: require('vim.inspect')
001.096  000.032  000.032: require('vim._options')
001.098  000.116  000.049: require('vim._editor')
001.099  000.181  000.031: require('vim._init_packages')
001.101  000.428: init lua interpreter
001.170  000.068: expanding arguments
001.199  000.030: inits 2
001.401  000.202: init highlight
001.402  000.001: waiting for UI
001.540  000.138: done waiting for UI
001.551  000.011: clear screen
001.603  000.006  000.006: require('vim.keymap')
002.134  000.581  000.575: require('vim._defaults')
002.136  000.004: init default mappings & autocommands
002.522  000.040  000.040: sourcing /home/linuxbrew/.linuxbrew/Cellar/neovim/0.10.3/share/nvim/runtime/ftplugin.vim
002.573  000.020  000.020: sourcing /home/linuxbrew/.linuxbrew/Cellar/neovim/0.10.3/share/nvim/runtime/indent.vim
002.684  000.070  000.070: sourcing /usr/share/nvim/archlinux.lua
002.688  000.090  000.020: sourcing /etc/xdg/nvim/sysinit.vim
003.548  000.385  000.385: require('lazy')
003.580  000.016  000.016: require('ffi')
003.642  000.033  000.033: require('vim.fs')
003.864  000.195  000.195: require('vim.uri')
003.915  000.332  000.104: require('vim.loader')
004.246  000.311  000.311: require('lazy.stats')
004.367  000.101  000.101: require('lazy.core.util')
004.503  000.133  000.133: require('lazy.core.config')
004.685  000.102  000.102: require('lazy.core.handler')
004.891  000.065  000.065: require('lazy.pkg')
004.897  000.128  000.063: require('lazy.core.meta')
004.902  000.214  000.087: require('lazy.core.plugin')
004.909  000.405  000.088: require('lazy.core.loader')
005.400  000.095  000.095: require('lazy.core.fragments')
006.394  000.084  000.084: require('lazyvim.util')
006.403  000.169  000.085: require('lazyvim.config')
006.926  000.274  000.274: require('lazyvim.config.options')
006.968  000.023  000.023: require('config.options')
007.061  000.084  000.084: require('lazyvim.util.plugin')
007.148  000.085  000.085: require('lazyvim.util.deprecated')
007.173  000.024  000.024: require('lazyvim.util.inject')
007.206  000.032  000.032: require('lazy.core.handler.event')
008.404  000.065  000.065: require('vim.version')
009.612  000.051  000.051: require('lazyvim.util.pick')
010.258  000.041  000.041: require('lazyvim.util.lsp')
013.628  000.268  000.268: require('lazy.core.handler.keys')
013.815  000.163  000.163: require('lazy.core.handler.cmd')
013.868  000.051  000.051: require('lazy.core.handler.ft')
016.048  000.110  000.110: require('lazyvim.util.ui')
016.276  000.128  000.128: sourcing /home/linuxbrew/.linuxbrew/Cellar/neovim/0.10.3/share/nvim/runtime/filetype.lua
016.714  000.027  000.027: require('vim.treesitter.language')
016.750  000.032  000.032: require('vim.func')
016.798  000.047  000.047: require('vim.func._memoize')
016.807  000.177  000.071: require('vim.treesitter.query')
016.815  000.415  000.238: require('nvim-treesitter.query_predicates')
016.970  000.029  000.029: require('lazyvim')
017.771  000.026  000.026: require('oldworld.config')
017.773  000.115  000.089: require('oldworld')
018.182  000.035  000.035: require('oldworld.variants')
018.185  000.058  000.022: require('oldworld.palette')
018.221  000.036  000.036: require('oldworld.utils.color_utils')
018.243  000.156  000.063: require('oldworld.groups.editor')
018.316  000.072  000.072: require('oldworld.groups.syntax')
018.344  000.027  000.027: require('oldworld.terminal')
018.345  000.300  000.045: require('oldworld.highlights')
018.520  000.104  000.104: require('oldworld.groups.integrations.treesitter')
018.628  000.052  000.052: require('oldworld.groups.integrations.alpha')
018.659  000.026  000.026: require('oldworld.groups.integrations.gitsigns')
018.689  000.028  000.028: require('oldworld.groups.integrations.illuminate')
018.716  000.024  000.024: require('oldworld.groups.integrations.flash')
018.752  000.032  000.032: require('oldworld.groups.integrations.snacks')
018.788  000.025  000.025: require('oldworld.groups.integrations.noice')
018.923  000.132  000.132: require('oldworld.groups.integrations.notify')
018.966  000.030  000.030: require('oldworld.groups.integrations.blink')
019.000  000.029  000.029: require('oldworld.groups.integrations.rainbow_delimiters')
019.057  000.039  000.039: require('oldworld.groups.integrations.mason')
019.119  000.050  000.050: require('oldworld.groups.integrations.neogit')
019.163  000.029  000.029: require('oldworld.groups.integrations.hop')
019.212  000.045  000.045: require('oldworld.groups.integrations.navic')
019.251  000.025  000.025: require('oldworld.groups.integrations.neorg')
019.278  000.023  000.023: require('oldworld.groups.integrations.lazy')
019.345  000.066  000.066: require('oldworld.groups.integrations.render_markdown')
019.387  000.032  000.032: require('oldworld.groups.integrations.cmp')
019.419  000.025  000.025: require('oldworld.groups.integrations.neo_tree')
019.453  000.031  000.031: require('oldworld.groups.integrations.mini')
019.493  000.035  000.035: require('oldworld.groups.integrations.markdown')
019.543  000.037  000.037: require('oldworld.groups.integrations.telescope')
019.607  000.058  000.058: require('oldworld.groups.integrations.lsp')
019.677  000.032  000.032: require('oldworld.groups.integrations.indent_blankline')
019.713  001.909  000.600: sourcing /home/notari/.local/share/nvim/lazy/oldworld.nvim/colors/oldworld.lua
020.801  000.144  000.144: require('snacks.compat')
020.819  000.444  000.300: require('snacks')
020.820  000.496  000.053: sourcing /home/notari/.local/share/nvim/lazy/snacks.nvim/plugin/snacks.lua
021.431  000.041  000.041: sourcing /home/notari/.local/share/nvim/lazy/transparent.nvim/plugin/transparent.vim
021.558  000.020  000.020: require('transparent.config')
021.581  000.022  000.022: require('transparent.cache')
021.608  000.164  000.122: require('transparent')
021.678  000.020  000.020: sourcing /home/notari/.local/share/nvim/lazy/lush.nvim/plugin/lush.vim
022.003  000.182  000.182: sourcing /home/notari/.local/share/nvim/lazy/vim-multiple-cursors/plugin/multiple_cursors.vim
022.289  000.205  000.205: require('mini.animate')
022.556  000.013  000.013: sourcing /home/notari/.local/share/nvim/lazy/twilight.nvim/plugin/twilight.vim
022.652  000.014  000.014: sourcing /home/notari/.local/share/nvim/lazy/vim-be-good/plugin/vim-be-good.vim
022.838  000.015  000.015: sourcing /home/notari/.local/share/nvim/lazy/nvim-web-devicons/plugin/nvim-web-devicons.vim
023.373  000.413  000.413: require('oil')
023.397  000.022  000.022: require('oil.ringbuf')
023.429  000.031  000.031: require('oil.config')
024.282  000.646  000.646: require('vim.filetype')
024.592  000.022  000.022: require('oil.log')
024.600  000.073  000.051: require('oil.fs')
024.661  000.015  000.015: require('oil.constants')
024.669  000.068  000.054: require('oil.util')
025.067  000.062  000.062: require('vim.treesitter._range')
025.078  000.157  000.095: require('vim.treesitter.languagetree')
025.083  000.300  000.143: require('vim.treesitter')
025.089  000.356  000.056: sourcing /home/notari/.local/share/nvim/lazy/CopilotChat.nvim/plugin/CopilotChat.lua
025.632  000.017  000.017: sourcing /home/notari/.local/share/nvim/lazy/plenary.nvim/plugin/plenary.vim
026.011  000.025  000.025: require('plenary.tbl')
026.013  000.052  000.027: require('plenary.vararg.rotate')
026.014  000.084  000.032: require('plenary.vararg')
026.054  000.039  000.039: require('plenary.errors')
026.086  000.031  000.031: require('plenary.functional')
026.089  000.295  000.141: require('plenary.async.async')
026.226  000.034  000.034: require('plenary.async.structs')
026.240  000.088  000.054: require('plenary.async.control')
026.244  000.122  000.034: require('plenary.async.util')
026.269  000.179  000.057: require('plenary.async.tests')
026.271  000.896  000.405: require('plenary.async')
026.578  000.118  000.118: require('plenary.bit')
026.629  000.290  000.173: require('plenary.path')
026.653  000.006  000.006: require('vim.F')
026.676  000.405  000.108: require('plenary.log')
026.973  000.040  000.040: require('CopilotChat.notify')
027.509  000.202  000.202: require('plenary.compat')
027.546  000.402  000.200: require('plenary.job')
027.580  000.542  000.140: require('plenary.curl')
028.786  001.205  001.205: require('plenary.scandir')
029.644  000.854  000.854: require('plenary.filetype')
029.657  002.683  000.081: require('CopilotChat.utils')
030.799  003.933  001.210: require('CopilotChat.tiktoken')
030.809  004.051  000.118: require('CopilotChat.client')
030.814  004.137  000.086: require('CopilotChat.context')
030.826  005.652  000.214: require('CopilotChat')
030.900  000.034  000.034: require('CopilotChat.select')
032.038  001.129  001.129: require('CopilotChat.config.providers')
032.150  000.110  000.110: require('CopilotChat.config.contexts')
032.179  000.028  000.028: require('CopilotChat.config.prompts')
032.223  000.043  000.043: require('CopilotChat.config.mappings')
032.224  001.397  000.053: require('CopilotChat.config')
032.584  000.039  000.039: require('CopilotChat.ui.overlay')
032.614  000.029  000.029: require('CopilotChat.ui.spinner')
032.631  000.150  000.082: require('CopilotChat.ui.chat')
033.388  000.032  000.032: require('obsidian.log')
033.394  000.200  000.168: require('obsidian')
033.560  000.023  000.023: require('obsidian.compat')
033.561  000.046  000.022: require('obsidian.itertools')
033.570  000.130  000.084: require('obsidian.util')
033.573  000.178  000.048: require('obsidian.config')
033.953  000.031  000.031: require('blink.compat')
033.955  000.150  000.119: require('blink-compat')
033.975  000.019  000.019: require('blink.compat.config')
034.005  000.020  000.020: require('blink.compat.event')
034.022  000.017  000.017: require('blink.compat.registry')
034.073  000.018  000.018: require('cmp.core')
034.094  000.020  000.020: require('cmp.types.cmp')
034.143  000.018  000.018: require('blink.compat.lib.utils')
034.149  000.054  000.036: require('cmp.types.lsp')
034.170  000.020  000.020: require('cmp.setup')
034.187  000.017  000.017: require('cmp.config')
034.188  000.613  000.280: require('cmp')
034.209  000.019  000.019: require('obsidian.mappings')
034.443  000.017  000.017: require('obsidian.abc')
034.449  000.058  000.041: require('obsidian.path')
034.553  000.065  000.065: require('obsidian.async')
034.573  000.019  000.019: require('plenary.context_manager')
034.647  000.017  000.017: require('obsidian.yaml.line')
034.654  000.058  000.042: require('obsidian.yaml.parser')
034.655  000.082  000.023: require('obsidian.yaml')
034.700  000.045  000.045: require('obsidian.search')
034.706  000.256  000.046: require('obsidian.note')
034.730  000.023  000.023: require('obsidian.workspace')
034.749  000.018  000.018: require('obsidian.callbacks')
034.770  000.483  000.128: require('obsidian.client')
035.514  000.050  000.050: require('obsidian.collections')
035.524  000.124  000.074: require('obsidian.ui')
035.663  000.099  000.099: require('obsidian.commands')
035.792  000.043  000.043: require('obsidian.completion.refs')
035.797  000.097  000.054: require('cmp_obsidian')
035.844  000.044  000.044: require('cmp_obsidian_new')
035.991  000.038  000.038: require('obsidian.completion.tags')
035.996  000.151  000.113: require('cmp_obsidian_tags')
036.130  000.032  000.032: sourcing /home/linuxbrew/.linuxbrew/Cellar/neovim/0.10.3/share/nvim/runtime/plugin/editorconfig.lua
036.181  000.037  000.037: sourcing /home/linuxbrew/.linuxbrew/Cellar/neovim/0.10.3/share/nvim/runtime/plugin/man.lua
036.435  000.098  000.098: sourcing /home/linuxbrew/.linuxbrew/Cellar/neovim/0.10.3/share/nvim/runtime/pack/dist/opt/matchit/plugin/matchit.vim
036.442  000.251  000.152: sourcing /home/linuxbrew/.linuxbrew/Cellar/neovim/0.10.3/share/nvim/runtime/plugin/matchit.vim
036.517  000.064  000.064: sourcing /home/linuxbrew/.linuxbrew/Cellar/neovim/0.10.3/share/nvim/runtime/plugin/matchparen.vim
036.535  000.006  000.006: sourcing /home/linuxbrew/.linuxbrew/Cellar/neovim/0.10.3/share/nvim/runtime/plugin/netrwPlugin.vim
036.593  000.036  000.036: sourcing /home/linuxbrew/.linuxbrew/Cellar/neovim/0.10.3/share/nvim/runtime/plugin/osc52.lua
036.673  000.069  000.069: sourcing /home/linuxbrew/.linuxbrew/Cellar/neovim/0.10.3/share/nvim/runtime/plugin/rplugin.vim
036.716  000.027  000.027: sourcing /home/linuxbrew/.linuxbrew/Cellar/neovim/0.10.3/share/nvim/runtime/plugin/shada.vim
036.734  000.007  000.007: sourcing /home/linuxbrew/.linuxbrew/Cellar/neovim/0.10.3/share/nvim/runtime/plugin/spellfile.vim
036.832  034.091  015.782: require('config.lazy')
037.837  000.599  000.599: sourcing /home/linuxbrew/.linuxbrew/Cellar/neovim/0.10.3/share/nvim/runtime/colors/vim.lua
038.047  000.826  000.228: sourcing /home/linuxbrew/.linuxbrew/Cellar/neovim/0.10.3/share/nvim/runtime/colors/industry.vim
038.093  035.383  000.466: sourcing /home/notari/.config/nvim/init.lua
038.098  000.429: sourcing vimrc file(s)
038.201  000.042  000.042: sourcing /home/linuxbrew/.linuxbrew/Cellar/neovim/0.10.3/share/nvim/runtime/filetype.lua
038.303  000.035  000.035: sourcing /home/linuxbrew/.linuxbrew/Cellar/neovim/0.10.3/share/nvim/runtime/syntax/synload.vim
038.342  000.118  000.083: sourcing /home/linuxbrew/.linuxbrew/Cellar/neovim/0.10.3/share/nvim/runtime/syntax/syntax.vim
038.346  000.089: inits 3
039.250  000.903: reading ShaDa
039.294  000.044: opening buffers
039.882  000.138  000.138: require('goto-preview.lib')
039.903  000.363  000.226: require('goto-preview')
040.568  000.072  000.072: require('snacks.explorer')
040.610  000.880: BufEnter autocommands
040.614  000.004: editing files in windows
040.622  000.008: --- NVIM STARTED ---

